Started GET "/" for 127.0.0.1 at 2021-12-28 22:42:17 -0300
  [1m[35m (1.2ms)[0m  [1m[34mSELECT sqlite_version(*)[0m
Processing by Rails::WelcomeController#index as HTML
  Rendering /usr/share/rvm/gems/ruby-3.0.0@stock/gems/railties-7.0.0/lib/rails/templates/rails/welcome/index.html.erb
  Rendered /usr/share/rvm/gems/ruby-3.0.0@stock/gems/railties-7.0.0/lib/rails/templates/rails/welcome/index.html.erb (Duration: 2.7ms | Allocations: 725)
Completed 200 OK in 26ms (Views: 10.3ms | ActiveRecord: 0.0ms | Allocations: 6984)


  [1m[35m (2.1ms)[0m  [1m[34mSELECT sqlite_version(*)[0m
  [1m[35m (5.2ms)[0m  [1m[35mCREATE TABLE "schema_migrations" ("version" varchar NOT NULL PRIMARY KEY)[0m
  [1m[35m (2.8ms)[0m  [1m[35mCREATE TABLE "ar_internal_metadata" ("key" varchar NOT NULL PRIMARY KEY, "value" varchar, "created_at" datetime(6) NOT NULL, "updated_at" datetime(6) NOT NULL)[0m
  [1m[36mActiveRecord::SchemaMigration Pluck (0.1ms)[0m  [1m[34mSELECT "schema_migrations"."version" FROM "schema_migrations" ORDER BY "schema_migrations"."version" ASC[0m
Migrating to CreateStores (20211229031438)
  [1m[36mTRANSACTION (0.1ms)[0m  [1m[36mbegin transaction[0m
  [1m[35m (0.3ms)[0m  [1m[35mCREATE TABLE "stores" ("id" integer PRIMARY KEY AUTOINCREMENT NOT NULL, "name" varchar, "cnpj" varchar, "address" varchar, "phone" varchar, "created_at" datetime(6) NOT NULL, "updated_at" datetime(6) NOT NULL)[0m
  [1m[36mActiveRecord::SchemaMigration Create (0.2ms)[0m  [1m[32mINSERT INTO "schema_migrations" ("version") VALUES (?)[0m  [["version", "20211229031438"]]
  [1m[36mTRANSACTION (4.9ms)[0m  [1m[36mcommit transaction[0m
  [1m[36mActiveRecord::InternalMetadata Load (0.2ms)[0m  [1m[34mSELECT "ar_internal_metadata".* FROM "ar_internal_metadata" WHERE "ar_internal_metadata"."key" = ? LIMIT ?[0m  [["key", "environment"], ["LIMIT", 1]]
  [1m[36mTRANSACTION (0.1ms)[0m  [1m[36mbegin transaction[0m
  [1m[36mActiveRecord::InternalMetadata Create (0.2ms)[0m  [1m[32mINSERT INTO "ar_internal_metadata" ("key", "value", "created_at", "updated_at") VALUES (?, ?, ?, ?)[0m  [["key", "environment"], ["value", "development"], ["created_at", "2021-12-29 03:17:32.163427"], ["updated_at", "2021-12-29 03:17:32.163427"]]
  [1m[36mTRANSACTION (3.3ms)[0m  [1m[36mcommit transaction[0m
  [1m[35m (0.1ms)[0m  [1m[34mSELECT sqlite_version(*)[0m
  [1m[36mActiveRecord::SchemaMigration Pluck (0.1ms)[0m  [1m[34mSELECT "schema_migrations"."version" FROM "schema_migrations" ORDER BY "schema_migrations"."version" ASC[0m
  [1m[35m (1.1ms)[0m  [1m[34mSELECT sqlite_version(*)[0m
  [1m[36mTRANSACTION (0.1ms)[0m  [1m[36mbegin transaction[0m
  [1m[36mStore Create (0.5ms)[0m  [1m[32mINSERT INTO "stores" ("name", "cnpj", "address", "phone", "created_at", "updated_at") VALUES (?, ?, ?, ?, ?, ?)[0m  [["name", "Delirius"], ["cnpj", "45298754635"], ["address", "rua tralala, 45"], ["phone", "87 5789655648"], ["created_at", "2021-12-29 03:28:00.993511"], ["updated_at", "2021-12-29 03:28:00.993511"]]
  [1m[36mTRANSACTION (2.1ms)[0m  [1m[36mcommit transaction[0m
Started GET "/" for 127.0.0.1 at 2021-12-29 00:29:53 -0300
  [1m[35m (1.1ms)[0m  [1m[34mSELECT sqlite_version(*)[0m
  [1m[36mActiveRecord::SchemaMigration Pluck (0.1ms)[0m  [1m[34mSELECT "schema_migrations"."version" FROM "schema_migrations" ORDER BY "schema_migrations"."version" ASC[0m
Processing by StoresController#index as HTML
  Rendering layout layouts/application.html.erb
  Rendering stores/index.html.erb within layouts/application
  Rendered stores/index.html.erb within layouts/application (Duration: 4.9ms | Allocations: 3244)
  Rendered layout layouts/application.html.erb (Duration: 5.1ms | Allocations: 3332)
Completed 500 Internal Server Error in 20ms (ActiveRecord: 0.0ms | Allocations: 10311)


  
ActionView::Template::Error (undefined method `each' for nil:NilClass):
    1: <h1>Store</h1>
    2: 
    3: <ul>
    4:   <% @stores.each do |store| %>
    5:     <li>
    6:       <%= store.name %>
    7:     </li>
  
app/views/stores/index.html.erb:4
Started GET "/" for 127.0.0.1 at 2021-12-29 00:30:41 -0300
Processing by StoresController#index as HTML
  Rendering layout layouts/application.html.erb
  Rendering stores/index.html.erb within layouts/application
  [1m[35m (0.1ms)[0m  [1m[34mSELECT sqlite_version(*)[0m
  ↳ app/views/stores/index.html.erb:4
  [1m[36mStore Load (0.4ms)[0m  [1m[34mSELECT "stores".* FROM "stores"[0m
  ↳ app/views/stores/index.html.erb:4
  Rendered stores/index.html.erb within layouts/application (Duration: 9.0ms | Allocations: 6626)
  Rendered layout layouts/application.html.erb (Duration: 227.9ms | Allocations: 100435)
Completed 200 OK in 231ms (Views: 229.0ms | ActiveRecord: 1.1ms | Allocations: 101804)


Started GET "/" for 127.0.0.1 at 2021-12-29 00:32:38 -0300
Processing by StoresController#index as HTML
  Rendering layout layouts/application.html.erb
  Rendering stores/index.html.erb within layouts/application
  [1m[36mStore Load (0.2ms)[0m  [1m[34mSELECT "stores".* FROM "stores"[0m
  ↳ app/views/stores/index.html.erb:4
  Rendered stores/index.html.erb within layouts/application (Duration: 2.1ms | Allocations: 550)
  Rendered layout layouts/application.html.erb (Duration: 8.1ms | Allocations: 2801)
Completed 200 OK in 10ms (Views: 9.0ms | ActiveRecord: 0.2ms | Allocations: 3140)


Started GET "/" for 127.0.0.1 at 2021-12-29 00:32:48 -0300
Processing by StoresController#index as HTML
  Rendering layout layouts/application.html.erb
  Rendering stores/index.html.erb within layouts/application
  [1m[36mStore Load (0.2ms)[0m  [1m[34mSELECT "stores".* FROM "stores"[0m
  ↳ app/views/stores/index.html.erb:4
  Rendered stores/index.html.erb within layouts/application (Duration: 2.0ms | Allocations: 550)
  Rendered layout layouts/application.html.erb (Duration: 5.7ms | Allocations: 2764)
Completed 200 OK in 7ms (Views: 6.5ms | ActiveRecord: 0.2ms | Allocations: 3103)


Started GET "/" for 127.0.0.1 at 2021-12-29 00:32:49 -0300
Processing by StoresController#index as HTML
  Rendering layout layouts/application.html.erb
  Rendering stores/index.html.erb within layouts/application
  [1m[36mStore Load (0.2ms)[0m  [1m[34mSELECT "stores".* FROM "stores"[0m
  ↳ app/views/stores/index.html.erb:4
  Rendered stores/index.html.erb within layouts/application (Duration: 2.2ms | Allocations: 550)
  Rendered layout layouts/application.html.erb (Duration: 7.8ms | Allocations: 2759)
Completed 200 OK in 9ms (Views: 8.5ms | ActiveRecord: 0.2ms | Allocations: 3098)


Started GET "/" for 127.0.0.1 at 2021-12-29 00:40:44 -0300
Processing by StoresController#index as HTML
  Rendering layout layouts/application.html.erb
  Rendering stores/index.html.erb within layouts/application
  [1m[35m (0.1ms)[0m  [1m[34mSELECT sqlite_version(*)[0m
  ↳ app/views/stores/index.html.erb:4
  [1m[36mStore Load (0.1ms)[0m  [1m[34mSELECT "stores".* FROM "stores"[0m
  ↳ app/views/stores/index.html.erb:4
  Rendered stores/index.html.erb within layouts/application (Duration: 2.4ms | Allocations: 1130)
  Rendered layout layouts/application.html.erb (Duration: 5.5ms | Allocations: 3354)
Completed 200 OK in 7ms (Views: 6.0ms | ActiveRecord: 0.4ms | Allocations: 3683)


Started GET "/" for 127.0.0.1 at 2022-01-04 22:10:37 -0300
  [1m[35m (0.8ms)[0m  [1m[34mSELECT sqlite_version(*)[0m
  [1m[36mActiveRecord::SchemaMigration Pluck (0.2ms)[0m  [1m[34mSELECT "schema_migrations"."version" FROM "schema_migrations" ORDER BY "schema_migrations"."version" ASC[0m
Processing by StoresController#index as HTML
  Rendering layout layouts/application.html.erb
  Rendering stores/index.html.erb within layouts/application
  [1m[36mStore Load (0.2ms)[0m  [1m[34mSELECT "stores".* FROM "stores"[0m
  ↳ app/views/stores/index.html.erb:4
  Rendered stores/index.html.erb within layouts/application (Duration: 10.1ms | Allocations: 6541)
  Rendered layout layouts/application.html.erb (Duration: 75.2ms | Allocations: 41372)
Completed 200 OK in 89ms (Views: 78.5ms | ActiveRecord: 0.5ms | Allocations: 47267)


Started GET "/" for 127.0.0.1 at 2022-01-04 22:19:51 -0300
Processing by StoresController#index as HTML
  Rendering layout layouts/application.html.erb
  Rendering stores/index.html.erb within layouts/application
  [1m[35m (0.1ms)[0m  [1m[34mSELECT sqlite_version(*)[0m
  ↳ app/views/stores/index.html.erb:4
  [1m[36mStore Load (0.2ms)[0m  [1m[34mSELECT "stores".* FROM "stores"[0m
  ↳ app/views/stores/index.html.erb:4
  Rendered stores/index.html.erb within layouts/application (Duration: 3.9ms | Allocations: 1148)
  Rendered layout layouts/application.html.erb (Duration: 7.9ms | Allocations: 3367)
Completed 200 OK in 10ms (Views: 8.8ms | ActiveRecord: 0.8ms | Allocations: 3707)


Started GET "/" for 127.0.0.1 at 2022-01-04 22:20:09 -0300
Processing by StoresController#index as HTML
  Rendering layout layouts/application.html.erb
  Rendering stores/index.html.erb within layouts/application
  [1m[36mStore Load (0.1ms)[0m  [1m[34mSELECT "stores".* FROM "stores"[0m
  ↳ app/views/stores/index.html.erb:4
  Rendered stores/index.html.erb within layouts/application (Duration: 1.3ms | Allocations: 551)
  Rendered layout layouts/application.html.erb (Duration: 4.3ms | Allocations: 2764)
Completed 200 OK in 6ms (Views: 4.9ms | ActiveRecord: 0.1ms | Allocations: 3103)


Started GET "/" for 127.0.0.1 at 2022-01-05 23:30:15 -0300
  [1m[35m (1.6ms)[0m  [1m[34mSELECT sqlite_version(*)[0m
  [1m[36mActiveRecord::SchemaMigration Pluck (0.1ms)[0m  [1m[34mSELECT "schema_migrations"."version" FROM "schema_migrations" ORDER BY "schema_migrations"."version" ASC[0m
Processing by StoresController#index as HTML
  Rendering layout layouts/application.html.erb
  Rendering stores/index.html.erb within layouts/application
  [1m[36mStore Load (0.2ms)[0m  [1m[34mSELECT "stores".* FROM "stores"[0m
  ↳ app/views/stores/index.html.erb:4
  Rendered stores/index.html.erb within layouts/application (Duration: 11.3ms | Allocations: 6537)
  Rendered layout layouts/application.html.erb (Duration: 99.6ms | Allocations: 41113)
Completed 200 OK in 113ms (Views: 102.8ms | ActiveRecord: 0.6ms | Allocations: 46988)


Started GET "/" for 127.0.0.1 at 2022-01-06 00:07:57 -0300
  [1m[35m (0.9ms)[0m  [1m[34mSELECT sqlite_version(*)[0m
  [1m[36mActiveRecord::SchemaMigration Pluck (0.1ms)[0m  [1m[34mSELECT "schema_migrations"."version" FROM "schema_migrations" ORDER BY "schema_migrations"."version" ASC[0m
  [1m[36mCACHE ActiveRecord::SchemaMigration Pluck (0.0ms)[0m  [1m[34mSELECT "schema_migrations"."version" FROM "schema_migrations" ORDER BY "schema_migrations"."version" ASC[0m
  
ActiveRecord::PendingMigrationError (

Migrations are pending. To resolve this issue, run:

        bin/rails db:migrate RAILS_ENV=development

You have 1 pending migration:

20220106023525_create_funcionarios.rb


):
  
activerecord (7.0.0) lib/active_record/migration.rb:627:in `check_pending!'
activerecord (7.0.0) lib/active_record/migration.rb:592:in `block (2 levels) in call'
activesupport (7.0.0) lib/active_support/file_update_checker.rb:83:in `execute'
activerecord (7.0.0) lib/active_record/migration.rb:597:in `block in call'
activerecord (7.0.0) lib/active_record/migration.rb:589:in `synchronize'
activerecord (7.0.0) lib/active_record/migration.rb:589:in `call'
actionpack (7.0.0) lib/action_dispatch/middleware/callbacks.rb:27:in `block in call'
activesupport (7.0.0) lib/active_support/callbacks.rb:99:in `run_callbacks'
actionpack (7.0.0) lib/action_dispatch/middleware/callbacks.rb:26:in `call'
actionpack (7.0.0) lib/action_dispatch/middleware/executor.rb:14:in `call'
actionpack (7.0.0) lib/action_dispatch/middleware/actionable_exceptions.rb:17:in `call'
actionpack (7.0.0) lib/action_dispatch/middleware/debug_exceptions.rb:28:in `call'
web-console (4.2.0) lib/web_console/middleware.rb:132:in `call_app'
web-console (4.2.0) lib/web_console/middleware.rb:28:in `block in call'
web-console (4.2.0) lib/web_console/middleware.rb:17:in `catch'
web-console (4.2.0) lib/web_console/middleware.rb:17:in `call'
actionpack (7.0.0) lib/action_dispatch/middleware/show_exceptions.rb:26:in `call'
railties (7.0.0) lib/rails/rack/logger.rb:36:in `call_app'
railties (7.0.0) lib/rails/rack/logger.rb:25:in `block in call'
activesupport (7.0.0) lib/active_support/tagged_logging.rb:99:in `block in tagged'
activesupport (7.0.0) lib/active_support/tagged_logging.rb:37:in `tagged'
activesupport (7.0.0) lib/active_support/tagged_logging.rb:99:in `tagged'
railties (7.0.0) lib/rails/rack/logger.rb:25:in `call'
sprockets-rails (3.4.2) lib/sprockets/rails/quiet_assets.rb:13:in `call'
actionpack (7.0.0) lib/action_dispatch/middleware/remote_ip.rb:93:in `call'
actionpack (7.0.0) lib/action_dispatch/middleware/request_id.rb:26:in `call'
rack (2.2.3) lib/rack/method_override.rb:24:in `call'
rack (2.2.3) lib/rack/runtime.rb:22:in `call'
activesupport (7.0.0) lib/active_support/cache/strategy/local_cache_middleware.rb:29:in `call'
actionpack (7.0.0) lib/action_dispatch/middleware/server_timing.rb:20:in `call'
actionpack (7.0.0) lib/action_dispatch/middleware/executor.rb:14:in `call'
actionpack (7.0.0) lib/action_dispatch/middleware/static.rb:23:in `call'
rack (2.2.3) lib/rack/sendfile.rb:110:in `call'
actionpack (7.0.0) lib/action_dispatch/middleware/host_authorization.rb:137:in `call'
railties (7.0.0) lib/rails/engine.rb:530:in `call'
puma (5.5.2) lib/puma/configuration.rb:249:in `call'
puma (5.5.2) lib/puma/request.rb:77:in `block in handle_request'
puma (5.5.2) lib/puma/thread_pool.rb:340:in `with_force_shutdown'
puma (5.5.2) lib/puma/request.rb:76:in `handle_request'
puma (5.5.2) lib/puma/server.rb:447:in `process_client'
puma (5.5.2) lib/puma/thread_pool.rb:147:in `block in spawn_thread'
Started GET "/" for 127.0.0.1 at 2022-01-06 00:26:46 -0300
  [1m[35m (0.1ms)[0m  [1m[34mSELECT sqlite_version(*)[0m
  [1m[36mActiveRecord::SchemaMigration Pluck (0.2ms)[0m  [1m[34mSELECT "schema_migrations"."version" FROM "schema_migrations" ORDER BY "schema_migrations"."version" ASC[0m
Processing by StoresController#index as HTML
  Rendering layout layouts/application.html.erb
  Rendering stores/index.html.erb within layouts/application
  [1m[36mStore Load (0.3ms)[0m  [1m[34mSELECT "stores".* FROM "stores"[0m
  ↳ app/views/stores/index.html.erb:4
  Rendered stores/index.html.erb within layouts/application (Duration: 15.6ms | Allocations: 6275)
  Rendered layout layouts/application.html.erb (Duration: 82.6ms | Allocations: 40934)
Completed 200 OK in 93ms (Views: 83.6ms | ActiveRecord: 1.3ms | Allocations: 45081)


  [1m[35m (0.9ms)[0m  [1m[34mSELECT sqlite_version(*)[0m
  [1m[36mActiveRecord::SchemaMigration Pluck (0.2ms)[0m  [1m[34mSELECT "schema_migrations"."version" FROM "schema_migrations" ORDER BY "schema_migrations"."version" ASC[0m
Migrating to CreateProducts (20220106034558)
  [1m[36mTRANSACTION (0.1ms)[0m  [1m[36mbegin transaction[0m
  [1m[35m (0.4ms)[0m  [1m[35mCREATE TABLE "products" ("id" integer PRIMARY KEY AUTOINCREMENT NOT NULL, "name" varchar, "qd" varchar, "description" varchar, "date" varchar, "created_at" datetime(6) NOT NULL, "updated_at" datetime(6) NOT NULL)[0m
  [1m[36mActiveRecord::SchemaMigration Create (0.2ms)[0m  [1m[32mINSERT INTO "schema_migrations" ("version") VALUES (?)[0m  [["version", "20220106034558"]]
  [1m[36mTRANSACTION (3.8ms)[0m  [1m[36mcommit transaction[0m
  [1m[36mActiveRecord::InternalMetadata Load (0.2ms)[0m  [1m[34mSELECT "ar_internal_metadata".* FROM "ar_internal_metadata" WHERE "ar_internal_metadata"."key" = ? LIMIT ?[0m  [["key", "environment"], ["LIMIT", 1]]
  [1m[35m (0.1ms)[0m  [1m[34mSELECT sqlite_version(*)[0m
  [1m[36mActiveRecord::SchemaMigration Pluck (0.2ms)[0m  [1m[34mSELECT "schema_migrations"."version" FROM "schema_migrations" ORDER BY "schema_migrations"."version" ASC[0m
  [1m[35m (1.0ms)[0m  [1m[34mSELECT sqlite_version(*)[0m
Started GET "/" for 127.0.0.1 at 2022-01-06 00:55:58 -0300
  [1m[35m (0.1ms)[0m  [1m[34mSELECT sqlite_version(*)[0m
  [1m[36mActiveRecord::SchemaMigration Pluck (0.2ms)[0m  [1m[34mSELECT "schema_migrations"."version" FROM "schema_migrations" ORDER BY "schema_migrations"."version" ASC[0m
Processing by StoresController#index as HTML
  Rendering layout layouts/application.html.erb
  Rendering stores/index.html.erb within layouts/application
  [1m[36mStore Load (0.3ms)[0m  [1m[34mSELECT "stores".* FROM "stores"[0m
  ↳ app/views/stores/index.html.erb:4
  Rendered stores/index.html.erb within layouts/application (Duration: 11.4ms | Allocations: 5322)
  Rendered layout layouts/application.html.erb (Duration: 11.6ms | Allocations: 5402)
Completed 500 Internal Server Error in 17ms (ActiveRecord: 0.3ms | Allocations: 6998)


  
ActionView::Template::Error (undefined method `to_model' for #<ActiveRecord::Relation [#<Store id: 1, name: "Delirius", cnpj: "45298754635", address: "rua tralala, 45", phone: "87 5789655648", created_at: "2021-12-29 03:28:00.993511000 +0000", updated_at: "2021-12-29 03:28:00.993511000 +0000">]>
Did you mean?  to_xml):
    19: 
    20: <h1>Store</h1>
    21: 
    22: <%= form_with model: @stores do |form| %>
    23:   <div>
    24:     <%= form.label :title %><br>
    25:     <%= form.text_field :title %>
  
app/views/stores/index.html.erb:22
Started GET "/" for 127.0.0.1 at 2022-01-06 00:57:03 -0300
Processing by StoresController#index as HTML
  Rendering layout layouts/application.html.erb
  Rendering stores/index.html.erb within layouts/application
  [1m[36mStore Load (0.2ms)[0m  [1m[34mSELECT "stores".* FROM "stores"[0m
  ↳ app/views/stores/index.html.erb:4
  Rendered stores/index.html.erb within layouts/application (Duration: 31.7ms | Allocations: 9699)
  Rendered layout layouts/application.html.erb (Duration: 53.5ms | Allocations: 23134)
Completed 200 OK in 57ms (Views: 55.6ms | ActiveRecord: 0.2ms | Allocations: 24172)


Started POST "/" for 127.0.0.1 at 2022-01-06 00:57:09 -0300
  
ActionController::RoutingError (No route matches [POST] "/"):
  
Started GET "/" for 127.0.0.1 at 2022-01-06 00:57:10 -0300
Processing by StoresController#index as HTML
  Rendering layout layouts/application.html.erb
  Rendering stores/index.html.erb within layouts/application
  [1m[36mStore Load (0.1ms)[0m  [1m[34mSELECT "stores".* FROM "stores"[0m
  ↳ app/views/stores/index.html.erb:4
  Rendered stores/index.html.erb within layouts/application (Duration: 2.4ms | Allocations: 2844)
  Rendered layout layouts/application.html.erb (Duration: 4.7ms | Allocations: 4887)
Completed 200 OK in 6ms (Views: 5.2ms | ActiveRecord: 0.1ms | Allocations: 5220)


Started GET "/" for 127.0.0.1 at 2022-01-06 00:58:05 -0300
Processing by StoresController#index as HTML
  Rendering layout layouts/application.html.erb
  Rendering stores/index.html.erb within layouts/application
  [1m[36mStore Load (0.2ms)[0m  [1m[34mSELECT "stores".* FROM "stores"[0m
  ↳ app/views/stores/index.html.erb:4
  Rendered stores/index.html.erb within layouts/application (Duration: 6.3ms | Allocations: 3258)
  Rendered layout layouts/application.html.erb (Duration: 11.7ms | Allocations: 5581)
Completed 200 OK in 16ms (Views: 14.2ms | ActiveRecord: 0.2ms | Allocations: 6610)


Started GET "/" for 127.0.0.1 at 2022-01-06 00:58:27 -0300
Processing by StoresController#index as HTML
  Rendering layout layouts/application.html.erb
  Rendering stores/index.html.erb within layouts/application
  [1m[36mStore Load (0.2ms)[0m  [1m[34mSELECT "stores".* FROM "stores"[0m
  ↳ app/views/stores/index.html.erb:4
  Rendered stores/index.html.erb within layouts/application (Duration: 6.1ms | Allocations: 3265)
  Rendered layout layouts/application.html.erb (Duration: 11.6ms | Allocations: 5589)
Completed 200 OK in 16ms (Views: 14.5ms | ActiveRecord: 0.2ms | Allocations: 6628)


Started GET "/" for 127.0.0.1 at 2022-01-06 00:58:44 -0300
Processing by StoresController#index as HTML
  Rendering layout layouts/application.html.erb
  Rendering stores/index.html.erb within layouts/application
  [1m[36mStore Load (0.2ms)[0m  [1m[34mSELECT "stores".* FROM "stores"[0m
  ↳ app/views/stores/index.html.erb:4
  Rendered stores/index.html.erb within layouts/application (Duration: 5.9ms | Allocations: 3256)
  Rendered layout layouts/application.html.erb (Duration: 11.4ms | Allocations: 5579)
Completed 200 OK in 16ms (Views: 14.4ms | ActiveRecord: 0.2ms | Allocations: 6609)


Started GET "/" for 127.0.0.1 at 2022-01-06 01:01:20 -0300
Processing by StoresController#index as HTML
  Rendering layout layouts/application.html.erb
  Rendering stores/index.html.erb within layouts/application
  [1m[36mStore Load (0.2ms)[0m  [1m[34mSELECT "stores".* FROM "stores"[0m
  ↳ app/views/stores/index.html.erb:4
  Rendered stores/index.html.erb within layouts/application (Duration: 6.4ms | Allocations: 3302)
  Rendered layout layouts/application.html.erb (Duration: 11.9ms | Allocations: 5625)
Completed 200 OK in 16ms (Views: 14.1ms | ActiveRecord: 0.2ms | Allocations: 6656)


Started GET "/" for 127.0.0.1 at 2022-01-06 01:01:43 -0300
Processing by StoresController#index as HTML
  Rendering layout layouts/application.html.erb
  Rendering stores/index.html.erb within layouts/application
  [1m[36mStore Load (0.2ms)[0m  [1m[34mSELECT "stores".* FROM "stores"[0m
  ↳ app/views/stores/index.html.erb:4
  Rendered stores/index.html.erb within layouts/application (Duration: 6.1ms | Allocations: 3277)
  Rendered layout layouts/application.html.erb (Duration: 11.5ms | Allocations: 5600)
Completed 200 OK in 15ms (Views: 13.7ms | ActiveRecord: 0.2ms | Allocations: 6631)


Started GET "/" for 127.0.0.1 at 2022-01-06 01:06:11 -0300
Processing by StoresController#index as HTML
  Rendering layout layouts/application.html.erb
  Rendering stores/index.html.erb within layouts/application
  [1m[36mStore Load (0.2ms)[0m  [1m[34mSELECT "stores".* FROM "stores"[0m
  ↳ app/views/stores/index.html.erb:4
  Rendered stores/index.html.erb within layouts/application (Duration: 13.5ms | Allocations: 3289)
  Rendered layout layouts/application.html.erb (Duration: 19.4ms | Allocations: 5633)
Completed 200 OK in 24ms (Views: 22.2ms | ActiveRecord: 0.2ms | Allocations: 6665)


Started GET "/" for 127.0.0.1 at 2022-01-06 01:06:27 -0300
Processing by StoresController#index as HTML
  Rendering layout layouts/application.html.erb
  Rendering stores/index.html.erb within layouts/application
  [1m[36mStore Load (0.2ms)[0m  [1m[34mSELECT "stores".* FROM "stores"[0m
  ↳ app/views/stores/index.html.erb:4
  Rendered stores/index.html.erb within layouts/application (Duration: 6.8ms | Allocations: 3284)
  Rendered layout layouts/application.html.erb (Duration: 12.5ms | Allocations: 5607)
Completed 200 OK in 17ms (Views: 15.0ms | ActiveRecord: 0.2ms | Allocations: 6639)


Started GET "/" for 127.0.0.1 at 2022-01-06 01:11:30 -0300
Processing by StoresController#index as HTML
  Rendering layout layouts/application.html.erb
  Rendering stores/index.html.erb within layouts/application
  [1m[36mStore Load (0.2ms)[0m  [1m[34mSELECT "stores".* FROM "stores"[0m
  ↳ app/views/stores/index.html.erb:4
  Rendered stores/index.html.erb within layouts/application (Duration: 6.1ms | Allocations: 3287)
  Rendered layout layouts/application.html.erb (Duration: 11.5ms | Allocations: 5616)
Completed 200 OK in 16ms (Views: 14.2ms | ActiveRecord: 0.2ms | Allocations: 6647)


Started GET "/" for 127.0.0.1 at 2022-01-06 01:11:36 -0300
Processing by StoresController#index as HTML
  Rendering layout layouts/application.html.erb
  Rendering stores/index.html.erb within layouts/application
  [1m[36mStore Load (0.2ms)[0m  [1m[34mSELECT "stores".* FROM "stores"[0m
  ↳ app/views/stores/index.html.erb:4
  Rendered stores/index.html.erb within layouts/application (Duration: 4.9ms | Allocations: 2863)
  Rendered layout layouts/application.html.erb (Duration: 9.6ms | Allocations: 4913)
Completed 200 OK in 12ms (Views: 10.4ms | ActiveRecord: 0.2ms | Allocations: 5246)


Started GET "/" for 127.0.0.1 at 2022-01-06 01:11:56 -0300
Processing by StoresController#index as HTML
  Rendering layout layouts/application.html.erb
  Rendering stores/index.html.erb within layouts/application
  [1m[36mStore Load (0.2ms)[0m  [1m[34mSELECT "stores".* FROM "stores"[0m
  ↳ app/views/stores/index.html.erb:4
  Rendered stores/index.html.erb within layouts/application (Duration: 6.5ms | Allocations: 3365)
  Rendered layout layouts/application.html.erb (Duration: 12.4ms | Allocations: 5694)
Completed 200 OK in 17ms (Views: 15.4ms | ActiveRecord: 0.2ms | Allocations: 6724)


Started GET "/" for 127.0.0.1 at 2022-01-08 04:51:17 -0300
  [1m[35m (0.7ms)[0m  [1m[34mSELECT sqlite_version(*)[0m
  [1m[36mActiveRecord::SchemaMigration Pluck (0.1ms)[0m  [1m[34mSELECT "schema_migrations"."version" FROM "schema_migrations" ORDER BY "schema_migrations"."version" ASC[0m
Processing by StoresController#index as HTML
  Rendering layout layouts/application.html.erb
  Rendering stores/index.html.erb within layouts/application
  [1m[36mStore Load (0.2ms)[0m  [1m[34mSELECT "stores".* FROM "stores"[0m
  ↳ app/views/stores/index.html.erb:4
  Rendered stores/index.html.erb within layouts/application (Duration: 19.3ms | Allocations: 11501)
  Rendered layout layouts/application.html.erb (Duration: 109.0ms | Allocations: 46010)
Completed 200 OK in 119ms (Views: 111.0ms | ActiveRecord: 0.6ms | Allocations: 51885)


  [1m[35m (1.2ms)[0m  [1m[34mSELECT sqlite_version(*)[0m
  [1m[36mActiveRecord::SchemaMigration Pluck (0.3ms)[0m  [1m[34mSELECT "schema_migrations"."version" FROM "schema_migrations" ORDER BY "schema_migrations"."version" ASC[0m
  [1m[35m (0.5ms)[0m  [1m[34mSELECT sqlite_version(*)[0m
  [1m[36mActiveRecord::SchemaMigration Pluck (0.1ms)[0m  [1m[34mSELECT "schema_migrations"."version" FROM "schema_migrations" ORDER BY "schema_migrations"."version" ASC[0m
Migrating to CreateProducts (20220112004226)
  [1m[36mTRANSACTION (0.1ms)[0m  [1m[36mbegin transaction[0m
  [1m[35m (0.3ms)[0m  [1m[35mCREATE TABLE "products" ("id" integer PRIMARY KEY AUTOINCREMENT NOT NULL, "store_id" integer NOT NULL, "code" varchar, "ean" varchar, "name" varchar, "quantity" integer, "description" varchar, "unity" varchar, "category" varchar, "created_at" datetime(6) NOT NULL, "updated_at" datetime(6) NOT NULL, CONSTRAINT "fk_rails_5cf8ff66a6"
FOREIGN KEY ("store_id")
  REFERENCES "stores" ("id")
)[0m
  [1m[36mTRANSACTION (0.0ms)[0m  [1m[31mrollback transaction[0m
  [1m[35m (0.4ms)[0m  [1m[34mSELECT sqlite_version(*)[0m
  [1m[36mActiveRecord::SchemaMigration Pluck (0.2ms)[0m  [1m[34mSELECT "schema_migrations"."version" FROM "schema_migrations" ORDER BY "schema_migrations"."version" ASC[0m
  [1m[35m (1.5ms)[0m  [1m[34mSELECT sqlite_version(*)[0m
  [1m[36mActiveRecord::SchemaMigration Pluck (0.2ms)[0m  [1m[34mSELECT "schema_migrations"."version" FROM "schema_migrations" ORDER BY "schema_migrations"."version" ASC[0m
  [1m[36mActiveRecord::SchemaMigration Pluck (0.1ms)[0m  [1m[34mSELECT "schema_migrations"."version" FROM "schema_migrations" ORDER BY "schema_migrations"."version" ASC[0m
  [1m[36mActiveRecord::SchemaMigration Pluck (0.1ms)[0m  [1m[34mSELECT "schema_migrations"."version" FROM "schema_migrations" ORDER BY "schema_migrations"."version" ASC[0m
  [1m[35m (0.5ms)[0m  [1m[34mSELECT sqlite_version(*)[0m
  [1m[36mActiveRecord::SchemaMigration Pluck (0.1ms)[0m  [1m[34mSELECT "schema_migrations"."version" FROM "schema_migrations" ORDER BY "schema_migrations"."version" ASC[0m
  [1m[35m (0.7ms)[0m  [1m[34mSELECT sqlite_version(*)[0m
  [1m[36mActiveRecord::SchemaMigration Pluck (0.2ms)[0m  [1m[34mSELECT "schema_migrations"."version" FROM "schema_migrations" ORDER BY "schema_migrations"."version" ASC[0m
  [1m[36mActiveRecord::InternalMetadata Pluck (0.3ms)[0m  [1m[34mSELECT "ar_internal_metadata"."value" FROM "ar_internal_metadata" WHERE "ar_internal_metadata"."key" = ? LIMIT ?[0m  [["key", "environment"], ["LIMIT", 1]]
  [1m[36mActiveRecord::SchemaMigration Pluck (0.2ms)[0m  [1m[34mSELECT "schema_migrations"."version" FROM "schema_migrations" ORDER BY "schema_migrations"."version" ASC[0m
  [1m[36mActiveRecord::InternalMetadata Pluck (0.1ms)[0m  [1m[34mSELECT "ar_internal_metadata"."value" FROM "ar_internal_metadata" WHERE "ar_internal_metadata"."key" = ? LIMIT ?[0m  [["key", "environment"], ["LIMIT", 1]]
  [1m[36mActiveRecord::SchemaMigration Pluck (0.1ms)[0m  [1m[34mSELECT "schema_migrations"."version" FROM "schema_migrations" ORDER BY "schema_migrations"."version" ASC[0m
  [1m[36mActiveRecord::InternalMetadata Pluck (0.1ms)[0m  [1m[34mSELECT "ar_internal_metadata"."value" FROM "ar_internal_metadata" WHERE "ar_internal_metadata"."key" = ? LIMIT ?[0m  [["key", "environment"], ["LIMIT", 1]]
  [1m[35m (0.8ms)[0m  [1m[34mSELECT sqlite_version(*)[0m
  [1m[35m (0.1ms)[0m  [1m[34mSELECT sqlite_version(*)[0m
  [1m[35m (0.8ms)[0m  [1m[34mSELECT sqlite_version(*)[0m
  [1m[35m (2.5ms)[0m  [1m[35mCREATE TABLE "schema_migrations" ("version" varchar NOT NULL PRIMARY KEY)[0m
  [1m[35m (3.9ms)[0m  [1m[35mCREATE TABLE "ar_internal_metadata" ("key" varchar NOT NULL PRIMARY KEY, "value" varchar, "created_at" datetime(6) NOT NULL, "updated_at" datetime(6) NOT NULL)[0m
  [1m[36mActiveRecord::SchemaMigration Pluck (0.1ms)[0m  [1m[34mSELECT "schema_migrations"."version" FROM "schema_migrations" ORDER BY "schema_migrations"."version" ASC[0m
Migrating to CreateStores (20211229031438)
  [1m[36mTRANSACTION (0.0ms)[0m  [1m[36mbegin transaction[0m
  [1m[35m (0.3ms)[0m  [1m[35mCREATE TABLE "stores" ("id" integer PRIMARY KEY AUTOINCREMENT NOT NULL, "name" varchar, "cnpj" varchar, "address" varchar, "phone" varchar, "created_at" datetime(6) NOT NULL, "updated_at" datetime(6) NOT NULL)[0m
  [1m[36mActiveRecord::SchemaMigration Create (0.3ms)[0m  [1m[32mINSERT INTO "schema_migrations" ("version") VALUES (?)[0m  [["version", "20211229031438"]]
  [1m[36mTRANSACTION (4.8ms)[0m  [1m[36mcommit transaction[0m
Migrating to CreateProducts (20220112004226)
  [1m[36mTRANSACTION (0.1ms)[0m  [1m[36mbegin transaction[0m
  [1m[35m (0.3ms)[0m  [1m[35mCREATE TABLE "products" ("id" integer PRIMARY KEY AUTOINCREMENT NOT NULL, "store_id" integer NOT NULL, "code" varchar, "ean" varchar, "name" varchar, "quantity" integer, "description" varchar, "unity" varchar, "category" varchar, "created_at" datetime(6) NOT NULL, "updated_at" datetime(6) NOT NULL, CONSTRAINT "fk_rails_5cf8ff66a6"
FOREIGN KEY ("store_id")
  REFERENCES "stores" ("id")
)[0m
  [1m[35m (0.1ms)[0m  [1m[35mCREATE INDEX "index_products_on_store_id" ON "products" ("store_id")[0m
  [1m[36mActiveRecord::SchemaMigration Create (0.1ms)[0m  [1m[32mINSERT INTO "schema_migrations" ("version") VALUES (?)[0m  [["version", "20220112004226"]]
  [1m[36mTRANSACTION (3.0ms)[0m  [1m[36mcommit transaction[0m
  [1m[36mActiveRecord::InternalMetadata Load (0.1ms)[0m  [1m[34mSELECT "ar_internal_metadata".* FROM "ar_internal_metadata" WHERE "ar_internal_metadata"."key" = ? LIMIT ?[0m  [["key", "environment"], ["LIMIT", 1]]
  [1m[36mTRANSACTION (0.0ms)[0m  [1m[36mbegin transaction[0m
  [1m[36mActiveRecord::InternalMetadata Create (0.3ms)[0m  [1m[32mINSERT INTO "ar_internal_metadata" ("key", "value", "created_at", "updated_at") VALUES (?, ?, ?, ?)[0m  [["key", "environment"], ["value", "development"], ["created_at", "2022-01-12 00:56:43.697712"], ["updated_at", "2022-01-12 00:56:43.697712"]]
  [1m[36mTRANSACTION (2.6ms)[0m  [1m[36mcommit transaction[0m
  [1m[35m (0.0ms)[0m  [1m[34mSELECT sqlite_version(*)[0m
  [1m[36mActiveRecord::SchemaMigration Pluck (0.1ms)[0m  [1m[34mSELECT "schema_migrations"."version" FROM "schema_migrations" ORDER BY "schema_migrations"."version" ASC[0m
  [1m[35m (0.4ms)[0m  [1m[34mSELECT sqlite_version(*)[0m
  [1m[36mActiveRecord::SchemaMigration Pluck (0.1ms)[0m  [1m[34mSELECT "schema_migrations"."version" FROM "schema_migrations" ORDER BY "schema_migrations"."version" ASC[0m
